<?xml version="1.0" encoding="UTF-8"?>
<!-- Generated by org.testng.reporters.JUnitReportReporter -->
<testsuite hostname="C_Name" failures="0" tests="2" name="com.parallel.ParallelTesting" time="10.186" errors="0" timestamp="2023-03-10T11:05:30 IST" skipped="0">
  <testcase classname="com.parallel.ParallelTesting" name="automate" time="5.103"/>
  <system-out/>
  <testcase classname="com.parallel.ParallelTesting" name="automate" time="5.083"/>
  <system-out/>
</testsuite> <!-- com.parallel.ParallelTesting -->
